- Nikto v2.1.6
---------------------------------------------------------------------------
+ Target IP:          192.168.25.131
+ Target Hostname:    192.168.25.131
+ Target Port:        80
+ Start Time:         2020-12-10 17:48:44 (GMT-5)
---------------------------------------------------------------------------
+ Server: Apache/2.4.18 (Ubuntu)
+ The anti-clickjacking X-Frame-Options header is not present.
+ The X-XSS-Protection header is not defined. This header can hint to the user agent to protect against some forms of XSS
+ The X-Content-Type-Options header is not set. This could allow the user agent to render the content of the site in a different fashion to the MIME type
+ No CGI Directories found (use '-C all' to force check all possible dirs)
+ Apache/2.4.18 appears to be outdated (current is at least Apache/2.4.37). Apache 2.2.34 is the EOL for the 2.x branch.
+ Server may leak inodes via ETags, header found with file /, inode: b1, size: 55e1c7758dcdb, mtime: gzip
+ Allowed HTTP Methods: POST, OPTIONS, GET, HEAD 
+ Uncommon header 'link' found, with contents: <http://vtcsec/secret/index.php/wp-json/>; rel="https://api.w.org/"
+ OSVDB-3092: /secret/: This might be interesting...
+ OSVDB-3233: /icons/README: Apache default file found.
+ 7916 requests: 0 error(s) and 9 item(s) reported on remote host
+ End Time:           2020-12-10 17:49:36 (GMT-5) (52 seconds)
---------------------------------------------------------------------------
+ 1 host(s) tested
