- Nikto v2.1.6
---------------------------------------------------------------------------
+ Target IP:          192.168.178.43
+ Target Hostname:    192.168.178.43
+ Target Port:        80
+ Start Time:         2020-12-10 03:07:05 (GMT-5)
---------------------------------------------------------------------------
+ Server: Apache/2.2.14 (Unix) DAV/2 mod_ssl/2.2.14 OpenSSL/0.9.8l PHP/5.3.1 mod_apreq2-20090110/2.7.1 mod_perl/2.0.4 Perl/v5.10.1
+ Cookie PHPSESSID created without the httponly flag
+ Cookie security created without the httponly flag
+ Retrieved x-powered-by header: PHP/5.3.1
+ The anti-clickjacking X-Frame-Options header is not present.
+ The X-XSS-Protection header is not defined. This header can hint to the user agent to protect against some forms of XSS
+ The X-Content-Type-Options header is not set. This could allow the user agent to render the content of the site in a different fashion to the MIME type
+ Root page / redirects to: login.php
+ Server may leak inodes via ETags, header found with file /robots.txt, inode: 2215, size: 26, mtime: Tue Aug 24 15:45:32 2010
+ Apache/2.2.14 appears to be outdated (current is at least Apache/2.4.37). Apache 2.2.34 is the EOL for the 2.x branch.
+ mod_apreq2-20090110/2.7.1 appears to be outdated (current is at least 2.8.0)
+ Perl/v5.10.1 appears to be outdated (current is at least v5.20.0)
+ mod_perl/2.0.4 appears to be outdated (current is at least 2.0.8)
+ OpenSSL/0.9.8l appears to be outdated (current is at least 1.1.1). OpenSSL 1.0.0o and 0.9.8zc are also current.
+ mod_ssl/2.2.14 appears to be outdated (current is at least 2.8.31) (may depend on server version)
+ PHP/5.3.1 appears to be outdated (current is at least 7.2.12). PHP 5.6.33, 7.0.27, 7.1.13, 7.2.1 may also current release for each branch.
+ Apache mod_negotiation is enabled with MultiViews, which allows attackers to easily brute force file names. See http://www.wisec.it/sectou.php?id=4698ebdc59d15. The following alternatives for 'index' were found: HTTP_NOT_FOUND.html.var, HTTP_NOT_FOUND.html.var, HTTP_NOT_FOUND.html.var, HTTP_NOT_FOUND.html.var, HTTP_NOT_FOUND.html.var, HTTP_NOT_FOUND.html.var, HTTP_NOT_FOUND.html.var, HTTP_NOT_FOUND.html.var, HTTP_NOT_FOUND.html.var, HTTP_NOT_FOUND.html.var, HTTP_NOT_FOUND.html.var, HTTP_NOT_FOUND.html.var, HTTP_NOT_FOUND.html.var, HTTP_NOT_FOUND.html.var, HTTP_NOT_FOUND.html.var
+ OSVDB-877: HTTP TRACE method is active, suggesting the host is vulnerable to XST
+ mod_ssl/2.2.14 OpenSSL/0.9.8l PHP/5.3.1 mod_apreq2-20090110/2.7.1 mod_perl/2.0.4 Perl/v5.10.1 - mod_ssl 2.8.7 and lower are vulnerable to a remote buffer overflow which may allow a remote shell. http://cve.mitre.org/cgi-bin/cvename.cgi?name=CVE-2002-0082, OSVDB-756.
+ OSVDB-112004: /cgi-bin/printenv: Site appears vulnerable to the 'shellshock' vulnerability (http://cve.mitre.org/cgi-bin/cvename.cgi?name=CVE-2014-6271).
+ OSVDB-112004: /cgi-bin/printenv: Site appears vulnerable to the 'shellshock' vulnerability (http://cve.mitre.org/cgi-bin/cvename.cgi?name=CVE-2014-6278).
+ OSVDB-3268: /config/: Directory indexing found.
+ /config/: Configuration information may be available remotely.
+ OSVDB-12184: /?=PHPB8B5F2A0-3C92-11d3-A3A9-4C7B08C10000: PHP reveals potentially sensitive information via certain HTTP requests that contain specific QUERY strings.
+ OSVDB-12184: /?=PHPE9568F36-D428-11d2-A769-00AA001ACF42: PHP reveals potentially sensitive information via certain HTTP requests that contain specific QUERY strings.
+ OSVDB-12184: /?=PHPE9568F34-D428-11d2-A769-00AA001ACF42: PHP reveals potentially sensitive information via certain HTTP requests that contain specific QUERY strings.
+ OSVDB-12184: /?=PHPE9568F35-D428-11d2-A769-00AA001ACF42: PHP reveals potentially sensitive information via certain HTTP requests that contain specific QUERY strings.
+ OSVDB-561: /server-status: This reveals Apache information. Comment out appropriate line in the Apache conf file or restrict access to allowed sources.
+ OSVDB-3092: /phpmyadmin/changelog.php: phpMyAdmin is for managing MySQL databases, and should be protected or limited to authorized hosts.
+ OSVDB-3092: /phpmyadmin/ChangeLog: phpMyAdmin is for managing MySQL databases, and should be protected or limited to authorized hosts.
+ OSVDB-3233: /cgi-bin/printenv: Apache 2.0 default script is executable and gives server environment variables. All default scripts should be removed. It may also allow XSS types of attacks. http://www.securityfocus.com/bid/4431.
+ OSVDB-3233: /cgi-bin/test-cgi: Apache 2.0 default script is executable and reveals system information. All default scripts should be removed.
+ OSVDB-3268: /icons/: Directory indexing found.
+ OSVDB-3268: /docs/: Directory indexing found.
+ OSVDB-3092: /CHANGELOG.txt: A changelog was found.
+ OSVDB-3233: /icons/README: Apache default file found.
+ /login.php: Admin login page/section found.
+ /phpmyadmin/: phpMyAdmin directory found
+ OSVDB-3092: /.svn/entries: Subversion Entries file may contain directory listing information.
+ OSVDB-3092: /phpmyadmin/Documentation.html: phpMyAdmin is for managing MySQL databases, and should be protected or limited to authorized hosts.
+ /CHANGELOG.txt: Version number implies that there is a SQL Injection in Drupal 7, can be used for authentication bypass (Drupageddon: see https://www.sektioneins.de/advisories/advisory-012014-drupal-pre-auth-sql-injection-vulnerability.html).
+ OSVDB-3092: /phpmyadmin/README: phpMyAdmin is for managing MySQL databases, and should be protected or limited to authorized hosts.
+ 8724 requests: 0 error(s) and 40 item(s) reported on remote host
+ End Time:           2020-12-10 03:07:31 (GMT-5) (26 seconds)
---------------------------------------------------------------------------
+ 1 host(s) tested
